This is pdfTeX, Version 3.14159265-2.6-1.40.21 (TeX Live 2020/Debian) (preloaded format=pdflatex 2021.11.5)  5 NOV 2021 13:06
entering extended mode
 restricted \write18 enabled.
 %&-line parsing enabled.
**SOA.tex
(./SOA.tex
LaTeX2e <2020-10-01> patch level 4
L3 programming layer <2021-01-09> xparse <2020-03-03>
(/usr/share/texlive/texmf-dist/tex/latex/extsizes/extbook.cls
Document Class: extbook 1999/01/07 v1.4a NON-Standard LaTeX document class
(/usr/share/texlive/texmf-dist/tex/latex/base/bk12.clo
File: bk12.clo 2020/04/10 v1.4m Standard LaTeX file (size option)
)
(/usr/share/texlive/texmf-dist/tex/latex/base/exscale.sty
Package: exscale 2018/09/24 v2.1i Standard LaTeX package exscale
LaTeX Font Info:    Redeclaring symbol font `largesymbols' on input line 57.
LaTeX Font Info:    Overwriting symbol font `largesymbols' in version `normal'
(Font)                  OMX/cmex/m/n --> OMX/cmex/m/n on input line 57.
LaTeX Font Info:    Overwriting symbol font `largesymbols' in version `bold'
(Font)                  OMX/cmex/m/n --> OMX/cmex/m/n on input line 57.
\big@size=\dimen138
)
\c@part=\count177
\c@chapter=\count178
\c@section=\count179
\c@subsection=\count180
\c@subsubsection=\count181
\c@paragraph=\count182
\c@subparagraph=\count183
\c@figure=\count184
\c@table=\count185
\abovecaptionskip=\skip47
\belowcaptionskip=\skip48
\bibindent=\dimen139
)
(/usr/share/texlive/texmf-dist/tex/latex/geometry/geometry.sty
Package: geometry 2020/01/02 v5.9 Page Geometry

(/usr/share/texlive/texmf-dist/tex/latex/graphics/keyval.sty
Package: keyval 2014/10/28 v1.15 key=value parser (DPC)
\KV@toks@=\toks15
)
(/usr/share/texlive/texmf-dist/tex/generic/iftex/ifvtex.sty
Package: ifvtex 2019/10/25 v1.7 ifvtex legacy package. Use iftex instead.

(/usr/share/texlive/texmf-dist/tex/generic/iftex/iftex.sty
Package: iftex 2020/03/06 v1.0d TeX engine tests
))
\Gm@cnth=\count186
\Gm@cntv=\count187
\c@Gm@tempcnt=\count188
\Gm@bindingoffset=\dimen140
\Gm@wd@mp=\dimen141
\Gm@odd@mp=\dimen142
\Gm@even@mp=\dimen143
\Gm@layoutwidth=\dimen144
\Gm@layoutheight=\dimen145
\Gm@layouthoffset=\dimen146
\Gm@layoutvoffset=\dimen147
\Gm@dimlist=\toks16
)
(/usr/share/texlive/texmf-dist/tex/latex/graphics/graphicx.sty
Package: graphicx 2020/09/09 v1.2b Enhanced LaTeX Graphics (DPC,SPQR)

(/usr/share/texlive/texmf-dist/tex/latex/graphics/graphics.sty
Package: graphics 2020/08/30 v1.4c Standard LaTeX Graphics (DPC,SPQR)

(/usr/share/texlive/texmf-dist/tex/latex/graphics/trig.sty
Package: trig 2016/01/03 v1.10 sin cos tan (DPC)
)
(/usr/share/texlive/texmf-dist/tex/latex/graphics-cfg/graphics.cfg
File: graphics.cfg 2016/06/04 v1.11 sample graphics configuration
)
Package graphics Info: Driver file: pdftex.def on input line 105.

(/usr/share/texlive/texmf-dist/tex/latex/graphics-def/pdftex.def
File: pdftex.def 2020/10/05 v1.2a Graphics/color driver for pdftex
))
\Gin@req@height=\dimen148
\Gin@req@width=\dimen149
)
(/usr/share/texlive/texmf-dist/tex/latex/listings/listings.sty
\lst@mode=\count189
\lst@gtempboxa=\box47
\lst@token=\toks17
\lst@length=\count190
\lst@currlwidth=\dimen150
\lst@column=\count191
\lst@pos=\count192
\lst@lostspace=\dimen151
\lst@width=\dimen152
\lst@newlines=\count193
\lst@lineno=\count194
\lst@maxwidth=\dimen153

(/usr/share/texlive/texmf-dist/tex/latex/listings/lstmisc.sty
File: lstmisc.sty 2020/03/24 1.8d (Carsten Heinz)
\c@lstnumber=\count195
\lst@skipnumbers=\count196
\lst@framebox=\box48
)
(/usr/share/texlive/texmf-dist/tex/latex/listings/listings.cfg
File: listings.cfg 2020/03/24 1.8d listings configuration
))
Package: listings 2020/03/24 1.8d (Carsten Heinz)

(/usr/share/texlive/texmf-dist/tex/latex/l3backend/l3backend-pdftex.def
File: l3backend-pdftex.def 2020-01-29 L3 backend support: PDF output (pdfTeX)
\l__color_backend_stack_int=\count197
\l__pdf_internal_box=\box49
)
(./SOA.aux)
\openout1 = `SOA.aux'.

LaTeX Font Info:    Checking defaults for OML/cmm/m/it on input line 17.
LaTeX Font Info:    ... okay on input line 17.
LaTeX Font Info:    Checking defaults for OMS/cmsy/m/n on input line 17.
LaTeX Font Info:    ... okay on input line 17.
LaTeX Font Info:    Checking defaults for OT1/cmr/m/n on input line 17.
LaTeX Font Info:    ... okay on input line 17.
LaTeX Font Info:    Checking defaults for T1/cmr/m/n on input line 17.
LaTeX Font Info:    ... okay on input line 17.
LaTeX Font Info:    Checking defaults for TS1/cmr/m/n on input line 17.
LaTeX Font Info:    ... okay on input line 17.
LaTeX Font Info:    Checking defaults for OMX/cmex/m/n on input line 17.
LaTeX Font Info:    ... okay on input line 17.
LaTeX Font Info:    Checking defaults for U/cmr/m/n on input line 17.
LaTeX Font Info:    ... okay on input line 17.

*geometry* driver: auto-detecting
*geometry* detected driver: pdftex
*geometry* verbose mode - [ preamble ] result:
* driver: pdftex
* paper: a4paper
* layout: <same size as paper>
* layoutoffset:(h,v)=(0.0pt,0.0pt)
* modes: 
* h-part:(L,W,R)=(42.67912pt, 512.14963pt, 42.67912pt)
* v-part:(T,H,B)=(56.9055pt, 731.23584pt, 56.9055pt)
* \paperwidth=597.50787pt
* \paperheight=845.04684pt
* \textwidth=512.14963pt
* \textheight=731.23584pt
* \oddsidemargin=-29.59087pt
* \evensidemargin=-29.59087pt
* \topmargin=-47.23828pt
* \headheight=12.0pt
* \headsep=19.8738pt
* \topskip=12.0pt
* \footskip=30.0pt
* \marginparwidth=47.0pt
* \marginparsep=7.0pt
* \columnsep=10.0pt
* \skip\footins=10.8pt plus 4.0pt minus 2.0pt
* \hoffset=0.0pt
* \voffset=0.0pt
* \mag=1000
* \@twocolumnfalse
* \@twosidefalse
* \@mparswitchfalse
* \@reversemarginfalse
* (1in=72.27pt=25.4mm, 1cm=28.453pt)

(/usr/share/texlive/texmf-dist/tex/context/base/mkii/supp-pdf.mkii
[Loading MPS to PDF converter (version 2006.09.02).]
\scratchcounter=\count198
\scratchdimen=\dimen154
\scratchbox=\box50
\nofMPsegments=\count199
\nofMParguments=\count266
\everyMPshowfont=\toks18
\MPscratchCnt=\count267
\MPscratchDim=\dimen155
\MPnumerator=\count268
\makeMPintoPDFobject=\count269
\everyMPtoPDFconversion=\toks19
) (/usr/share/texlive/texmf-dist/tex/latex/epstopdf-pkg/epstopdf-base.sty
Package: epstopdf-base 2020-01-24 v2.11 Base part for package epstopdf
Package epstopdf-base Info: Redefining graphics rule for `.eps' on input line 4
85.

(/usr/share/texlive/texmf-dist/tex/latex/latexconfig/epstopdf-sys.cfg
File: epstopdf-sys.cfg 2010/07/13 v1.3 Configuration of (r)epstopdf for TeX Liv
e
))
\c@lstlisting=\count270
LaTeX Font Info:    External font `cmex7' loaded for size
(Font)              <7> on input line 18.


LaTeX Warning: No \author given.

[1


{/var/lib/texmf/fonts/map/pdftex/updmap/pdftex.map}] (./SOA.toc
LaTeX Font Info:    External font `cmex7' loaded for size
(Font)              <6> on input line 2.
 [1

] [2])
\tf@toc=\write3
\openout3 = `SOA.toc'.


[3]
Chapter 1.
LaTeX Font Info:    External font `cmex7' loaded for size
(Font)              <5> on input line 22.

Underfull \hbox (badness 10000) in paragraph at lines 22--23

 []

[4

]
LaTeX Font Info:    Trying to load font information for OMS+cmr on input line 3
8.
 (/usr/share/texlive/texmf-dist/tex/latex/base/omscmr.fd
File: omscmr.fd 2019/12/16 v2.5j Standard LaTeX font definitions
)
LaTeX Font Info:    Font shape `OMS/cmr/m/n' in size <12> not available
(Font)              Font shape `OMS/cmsy/m/n' tried instead on input line 38.
LaTeX Font Info:    Trying to load font information for OML+cmr on input line 4
0.

(/usr/share/texlive/texmf-dist/tex/latex/base/omlcmr.fd
File: omlcmr.fd 2019/12/16 v2.5j Standard LaTeX font definitions
)
LaTeX Font Info:    Font shape `OML/cmr/m/n' in size <12> not available
(Font)              Font shape `OML/cmm/m/it' tried instead on input line 40.
 [5]
Underfull \hbox (badness 10000) in paragraph at lines 77--78

 []

[6]
Overfull \hbox (2.16447pt too wide) in paragraph at lines 82--83
\OT1/cmr/m/n/12 Alla luce di ci^^Ro, sono stati ri-progettati di-versi pro-ces-
sori, ma il prob-lema sca-tu-rito ^^Re che l'accelerazione
 []

<immagini/no-pipeline.png, id=36, 1081.03876pt x 269.005pt>
File: immagini/no-pipeline.png Graphic file (type png)
<use immagini/no-pipeline.png>
Package pdftex.def Info: immagini/no-pipeline.png  used on input line 94.
(pdftex.def)             Requested size: 324.31413pt x 80.70212pt.
<immagini/pipeline.png, id=38, 916.42375pt x 282.05376pt>
File: immagini/pipeline.png Graphic file (type png)
<use immagini/pipeline.png>
Package pdftex.def Info: immagini/pipeline.png  used on input line 99.
(pdftex.def)             Requested size: 274.92924pt x 84.61678pt.
[7] [8 <./immagini/no-pipeline.png> <./immagini/pipeline.png>]
<immagini/pipeline-i486.png, id=47, 709.65125pt x 207.77625pt>
File: immagini/pipeline-i486.png Graphic file (type png)
<use immagini/pipeline-i486.png>
Package pdftex.def Info: immagini/pipeline-i486.png  used on input line 120.
(pdftex.def)             Requested size: 283.85547pt x 83.10901pt.
 [9 <./immagini/pipeline-i486.png>]
<immagini/ooo-pipeline-1.png, id=52, 701.62125pt x 209.78375pt>
File: immagini/ooo-pipeline-1.png Graphic file (type png)
<use immagini/ooo-pipeline-1.png>
Package pdftex.def Info: immagini/ooo-pipeline-1.png  used on input line 148.
(pdftex.def)             Requested size: 350.80975pt x 104.8916pt.
<immagini/ooo-pipeline-2.png, id=53, 595.22375pt x 244.915pt>
File: immagini/ooo-pipeline-2.png Graphic file (type png)
<use immagini/ooo-pipeline-2.png>
Package pdftex.def Info: immagini/ooo-pipeline-2.png  used on input line 150.
(pdftex.def)             Requested size: 297.61115pt x 122.45718pt.

Underfull \hbox (badness 10000) in paragraph at lines 147--152

 []


Underfull \hbox (badness 10000) in paragraph at lines 147--152

 []

[10] [11 <./immagini/ooo-pipeline-1.png> <./immagini/ooo-pipeline-2.png>]
<immagini/pipeline-ooo.png, id=63, 1153.30875pt x 705.63625pt>
File: immagini/pipeline-ooo.png Graphic file (type png)
<use immagini/pipeline-ooo.png>
Package pdftex.def Info: immagini/pipeline-ooo.png  used on input line 164.
(pdftex.def)             Requested size: 230.65765pt x 141.12474pt.

Underfull \hbox (badness 10000) in paragraph at lines 163--166

 []

<immagini/not_valid_instr.png, id=64, 1657.19125pt x 663.47874pt>
File: immagini/not_valid_instr.png Graphic file (type png)
<use immagini/not_valid_instr.png>
Package pdftex.def Info: immagini/not_valid_instr.png  used on input line 170.
(pdftex.def)             Requested size: 248.56796pt x 99.51752pt.
[12 <./immagini/pipeline-ooo.png>]
<immagini/multi-registri.png, id=70, 873.2625pt x 287.0725pt>
File: immagini/multi-registri.png Graphic file (type png)
<use immagini/multi-registri.png>
Package pdftex.def Info: immagini/multi-registri.png  used on input line 186.
(pdftex.def)             Requested size: 218.31508pt x 71.76794pt.

Underfull \hbox (badness 10000) in paragraph at lines 185--188

 []

[13 <./immagini/not_valid_instr.png>]
Overfull \hbox (0.40616pt too wide) in paragraph at lines 198--199
\OT1/cmr/m/n/12 bisogna ri-cor-darsi quale ^^Re l'ordine logico con cui an-darl
e a com-mittare, e questo tiene conto dell'ordine.
 []

[14 <./immagini/multi-registri.png>]
<immagini/arch-moderna.png, id=80, 1187.43625pt x 562.1pt>
File: immagini/arch-moderna.png Graphic file (type png)
<use immagini/arch-moderna.png>
Package pdftex.def Info: immagini/arch-moderna.png  used on input line 200.
(pdftex.def)             Requested size: 296.85834pt x 140.52466pt.
<immagini/ex-pipeline.png, id=81, 1187.43625pt x 665.48625pt>
File: immagini/ex-pipeline.png Graphic file (type png)
<use immagini/ex-pipeline.png>
Package pdftex.def Info: immagini/ex-pipeline.png  used on input line 203.
(pdftex.def)             Requested size: 296.85834pt x 166.37115pt.

Underfull \hbox (badness 10000) in paragraph at lines 200--204

 []


Underfull \hbox (badness 10000) in paragraph at lines 200--204

 []

[15 <./immagini/arch-moderna.png> <./immagini/ex-pipeline.png>]
<immagini/rob.png, id=87, 548.0475pt x 228.855pt>
File: immagini/rob.png Graphic file (type png)
<use immagini/rob.png>
Package pdftex.def Info: immagini/rob.png  used on input line 206.
(pdftex.def)             Requested size: 328.83104pt x 137.31404pt.
<immagini/x86-ooo.png, id=88, 563.10374pt x 579.16376pt>
File: immagini/x86-ooo.png Graphic file (type png)
<use immagini/x86-ooo.png>
Package pdftex.def Info: immagini/x86-ooo.png  used on input line 212.
(pdftex.def)             Requested size: 168.93242pt x 173.75046pt.

Underfull \hbox (badness 10000) in paragraph at lines 212--214

 []

[16 <./immagini/rob.png> <./immagini/x86-ooo.png>]
<immagini/hypert-ooo.png, id=94, 731.73375pt x 659.46375pt>
File: immagini/hypert-ooo.png Graphic file (type png)
<use immagini/hypert-ooo.png>
Package pdftex.def Info: immagini/hypert-ooo.png  used on input line 217.
(pdftex.def)             Requested size: 219.52182pt x 197.84064pt.

Underfull \hbox (badness 10000) in paragraph at lines 215--219

 []

[17 <./immagini/hypert-ooo.png>]
Overfull \hbox (7.22554pt too wide) in paragraph at lines 239--240
\OT1/cmr/m/n/12 Perch^^Se la scelta migliore ^^Re la 2, ed ^^Re stata ap-pli-ca
ta nell'architettura di pro-ces-sore: quando un'istruzione
 []

[18] [19]
LaTeX Font Info:    Trying to load font information for OMS+cmss on input line 
258.
LaTeX Font Info:    No file OMScmss.fd. on input line 258.


LaTeX Font Warning: Font shape `OMS/cmss/m/n' undefined
(Font)              using `OMS/cmsy/m/n' instead
(Font)              for symbol `textbraceleft' on input line 258.

<immagini/address_offset.png, id=106, 494.84875pt x 239.89626pt>
File: immagini/address_offset.png Graphic file (type png)
<use immagini/address_offset.png>
Package pdftex.def Info: immagini/address_offset.png  used on input line 269.
(pdftex.def)             Requested size: 296.91154pt x 143.93886pt.

Underfull \hbox (badness 10000) in paragraph at lines 268--271

 []


Underfull \hbox (badness 10000) in paragraph at lines 268--271

 []

[20 <./immagini/address_offset.png>] [21]
<immagini/KAISER.png, id=114, 1065.9825pt x 620.3175pt>
File: immagini/KAISER.png Graphic file (type png)
<use immagini/KAISER.png>
Package pdftex.def Info: immagini/KAISER.png  used on input line 300.
(pdftex.def)             Requested size: 319.79721pt x 186.09668pt.

Underfull \hbox (badness 10000) in paragraph at lines 299--302

 []

[22 <./immagini/KAISER.png>] [23]
<immagini/2bit_pred.png, id=122, 411.5375pt x 336.25626pt>
File: immagini/2bit_pred.png Graphic file (type png)
<use immagini/2bit_pred.png>
Package pdftex.def Info: immagini/2bit_pred.png  used on input line 334.
(pdftex.def)             Requested size: 246.92441pt x 201.75531pt.

Underfull \hbox (badness 10000) in paragraph at lines 333--336

 []


Underfull \hbox (badness 10000) in paragraph at lines 333--336

 []

[24 <./immagini/2bit_pred.png>]
<immagini/corr_pred.png, id=128, 523.9575pt x 360.34625pt>
File: immagini/corr_pred.png Graphic file (type png)
<use immagini/corr_pred.png>
Package pdftex.def Info: immagini/corr_pred.png  used on input line 355.
(pdftex.def)             Requested size: 209.57928pt x 144.13594pt.
 [25 <./immagini/corr_pred.png>]
<immagini/jmp_reg.png, id=133, 457.71pt x 231.86626pt>
File: immagini/jmp_reg.png Graphic file (type png)
<use immagini/jmp_reg.png>
Package pdftex.def Info: immagini/jmp_reg.png  used on input line 367.
(pdftex.def)             Requested size: 228.85445pt x 115.93283pt.

Underfull \hbox (badness 10000) in paragraph at lines 366--369

 []

[26 <./immagini/jmp_reg.png>]
<immagini/spectrev2_branch_pred.png, id=138, 640.3925pt x 221.82875pt>
File: immagini/spectrev2_branch_pred.png Graphic file (type png)
<use immagini/spectrev2_branch_pred.png>
Package pdftex.def Info: immagini/spectrev2_branch_pred.png  used on input line
 375.
(pdftex.def)             Requested size: 320.19547pt x 110.9141pt.

Underfull \hbox (badness 10000) in paragraph at lines 374--377

 []

[27 <./immagini/spectrev2_branch_pred.png>]
Overfull \hbox (44.79941pt too wide) in paragraph at lines 394--395
[][][][][][][][][][][][][][][][] 
 []


Underfull \hbox (badness 10000) in paragraph at lines 397--398

 []

[28]
<immagini/multi_proc.png, id=146, 674.52pt x 287.0725pt>
File: immagini/multi_proc.png Graphic file (type png)
<use immagini/multi_proc.png>
Package pdftex.def Info: immagini/multi_proc.png  used on input line 407.
(pdftex.def)             Requested size: 337.25917pt x 143.53589pt.
<immagini/cmp.png, id=147, 637.38126pt x 280.04625pt>
File: immagini/cmp.png Graphic file (type png)
<use immagini/cmp.png>
Package pdftex.def Info: immagini/cmp.png  used on input line 409.
(pdftex.def)             Requested size: 318.68985pt x 140.02277pt.
<immagini/smt.png, id=148, 632.3625pt x 279.0425pt>
File: immagini/smt.png Graphic file (type png)
<use immagini/smt.png>
Package pdftex.def Info: immagini/smt.png  used on input line 411.
(pdftex.def)             Requested size: 316.18048pt x 139.5209pt.

Underfull \hbox (badness 10000) in paragraph at lines 406--413

 []


Underfull \hbox (badness 10000) in paragraph at lines 406--413

 []


Underfull \hbox (badness 10000) in paragraph at lines 406--413

 []


Underfull \hbox (badness 10000) in paragraph at lines 406--413

 []


Underfull \hbox (badness 10000) in paragraph at lines 406--413

 []


Underfull \hbox (badness 10000) in paragraph at lines 406--413

 []

[29 <./immagini/multi_proc.png>]
<immagini/numa.png, id=153, 502.87875pt x 227.85126pt>
File: immagini/numa.png Graphic file (type png)
<use immagini/numa.png>
Package pdftex.def Info: immagini/numa.png  used on input line 415.
(pdftex.def)             Requested size: 251.43875pt x 113.92534pt.
 [30 <./immagini/cmp.png> <./immagini/smt.png>] [31 <./immagini/numa.png>]
<immagini/cache_conn.png, id=164, 580.1675pt x 382.42876pt>
File: immagini/cache_conn.png Graphic file (type png)
<use immagini/cache_conn.png>
Package pdftex.def Info: immagini/cache_conn.png  used on input line 458.
(pdftex.def)             Requested size: 290.08302pt x 191.2139pt.

Overfull \hbox (13.00464pt too wide) in paragraph at lines 457--460
\OT1/cmr/m/n/12 Come la-vo-rano ef-fet-ti-va-mente i vari com-po-nenti dell'arc
hitettura hard-ware per im-ple-mentare l'invalidate
 []


Underfull \hbox (badness 10000) in paragraph at lines 457--460

 []


Underfull \hbox (badness 10000) in paragraph at lines 457--460

 []

[32] [33 <./immagini/cache_conn.png>]
<immagini/MESI.png, id=172, 385.44pt x 327.2225pt>
File: immagini/MESI.png Graphic file (type png)
<use immagini/MESI.png>
Package pdftex.def Info: immagini/MESI.png  used on input line 481.
(pdftex.def)             Requested size: 192.71953pt x 163.61084pt.

Underfull \hbox (badness 10000) in paragraph at lines 480--486

 []


Underfull \hbox (badness 10000) in paragraph at lines 480--486

 []

[34 <./immagini/MESI.png>]
<immagini/dir_based.png, id=177, 439.6425pt x 408.52625pt>
File: immagini/dir_based.png Graphic file (type png)
<use immagini/dir_based.png>
Package pdftex.def Info: immagini/dir_based.png  used on input line 518.
(pdftex.def)             Requested size: 219.82071pt x 204.26262pt.

Underfull \hbox (badness 10000) in paragraph at lines 517--520

 []


Underfull \hbox (badness 10000) in paragraph at lines 517--520

 []

[35]
Underfull \hbox (badness 10000) in paragraph at lines 527--528

 []

[36 <./immagini/dir_based.png>] [37] [38]
<immagini/flrel.png, id=192, 443.6575pt x 400.49625pt>
File: immagini/flrel.png Graphic file (type png)
<use immagini/flrel.png>
Package pdftex.def Info: immagini/flrel.png  used on input line 591.
(pdftex.def)             Requested size: 221.8282pt x 200.24763pt.

Underfull \hbox (badness 10000) in paragraph at lines 590--592

 []

[39 <./immagini/flrel.png>]
<immagini/dekker.png, id=197, 551.05875pt x 174.6525pt>
File: immagini/dekker.png Graphic file (type png)
<use immagini/dekker.png>
Package pdftex.def Info: immagini/dekker.png  used on input line 623.
(pdftex.def)             Requested size: 275.52869pt x 87.32603pt.

Underfull \hbox (badness 10000) in paragraph at lines 622--625

 []

[40]
LaTeX Font Info:    Font shape `OT1/cmss/m/it' in size <12> not available
(Font)              Font shape `OT1/cmss/m/sl' tried instead on input line 632.

 [41 <./immagini/dekker.png>]
Underfull \hbox (badness 10000) in paragraph at lines 652--654

 []


Underfull \hbox (badness 10000) in paragraph at lines 652--654

 []

[42]
<immagini/wct.png, id=210, 640.3925pt x 410.53375pt>
File: immagini/wct.png Graphic file (type png)
<use immagini/wct.png>
Package pdftex.def Info: immagini/wct.png  used on input line 678.
(pdftex.def)             Requested size: 384.23846pt x 246.32214pt.

Underfull \hbox (badness 10000) in paragraph at lines 677--680

 []


Underfull \hbox (badness 10000) in paragraph at lines 677--680

 []

[43] [44 <./immagini/wct.png>]
<immagini/cas_insert.png, id=218, 1565.85pt x 166.6225pt>
File: immagini/cas_insert.png Graphic file (type png)
<use immagini/cas_insert.png>
Package pdftex.def Info: immagini/cas_insert.png  used on input line 695.
(pdftex.def)             Requested size: 469.75862pt x 49.98712pt.
<immagini/cas_delete.png, id=219, 1629.08624pt x 336.25626pt>
File: immagini/cas_delete.png Graphic file (type png)
<use immagini/cas_delete.png>
Package pdftex.def Info: immagini/cas_delete.png  used on input line 697.
(pdftex.def)             Requested size: 488.72964pt x 100.87766pt.
<immagini/atom_reg_1.png, id=220, 709.65125pt x 452.69125pt>
File: immagini/atom_reg_1.png Graphic file (type png)
<use immagini/atom_reg_1.png>
Package pdftex.def Info: immagini/atom_reg_1.png  used on input line 699.
(pdftex.def)             Requested size: 496.75249pt x 316.88171pt.
<immagini/atom_reg_2.png, id=221, 702.625pt x 459.7175pt>
File: immagini/atom_reg_2.png Graphic file (type png)
<use immagini/atom_reg_2.png>
Package pdftex.def Info: immagini/atom_reg_2.png  used on input line 700.
(pdftex.def)             Requested size: 491.83414pt x 321.80005pt.

Underfull \hbox (badness 10000) in paragraph at lines 693--702

 []


Underfull \hbox (badness 10000) in paragraph at lines 693--702

 []


Underfull \hbox (badness 10000) in paragraph at lines 693--702

 []


Underfull \hbox (badness 10000) in paragraph at lines 693--702

 []


Underfull \hbox (badness 10000) in paragraph at lines 693--702

 []

[45 <./immagini/cas_insert.png> <./immagini/cas_delete.png>] [46 <./immagini/at
om_reg_1.png>] [47 <./immagini/atom_reg_2.png>] [48] [49]
Overfull \hbox (4.64917pt too wide) in paragraph at lines 752--753
[]\OT1/cmr/m/n/12 il reader es-egue fetch&add di con-tinuo, us-cendo ed en-tran
do nell'epoca, pas-sando come parametri
 []

[50]
Chapter 2.
[51

] [52] [53] [54] [55]
Underfull \hbox (badness 10000) in paragraph at lines 869--878

 []


Underfull \hbox (badness 10000) in paragraph at lines 869--878

 []

[56] [57] [58] [59] [60] [61]
Underfull \hbox (badness 10000) in paragraph at lines 961--962

 []


Underfull \hbox (badness 10000) in paragraph at lines 969--972

 []

[62]
Overfull \hbox (0.51959pt too wide) in paragraph at lines 980--981
\OT1/cmr/m/n/12 Inizialmente, l'indice por-tava ad un en-try che por-tava sem-p
re alla stessa fun-zione. La re-indicizzazione
 []

[63] [64] [65] [66]
Underfull \hbox (badness 10000) in paragraph at lines 1050--1057

 []

[67]
Underfull \hbox (badness 10000) in paragraph at lines 1058--1063

 []


Overfull \hbox (56.88281pt too wide) in paragraph at lines 1065--1070
\OT1/cmr/m/n/12 Nel dis-patcher ^^Re stata ag-giunta un'ulteriore facilty: la p
age ta-ble iso-la-tion, tramite la \OT1/cmss/m/n/12 SWITCH[]TO[]KERNEL[]CR3\OT1
/cmr/m/n/12 .
 []

[68]
Overfull \hbox (77.63339pt too wide) in paragraph at lines 1073--1074
[]\OT1/cmr/m/n/12 all'interno di una CPU ab-bi-amo i reg-istri msr, due di ques
ti ovvero IA32[]GS[]BASE e IA32[]KERNEL[]GS[]BASE
 []


Underfull \hbox (badness 10000) in paragraph at lines 1089--1091

 []

[69] [70]
Underfull \hbox (badness 10000) in paragraph at lines 1127--1128

 []


Underfull \hbox (badness 10000) in paragraph at lines 1127--1128

 []

[71] [72]
Underfull \hbox (badness 10000) in paragraph at lines 1144--1147

 []

[73]
Chapter 3.
[74

] [75] [76] [77] [78] [79] [80]
Underfull \hbox (badness 10000) in paragraph at lines 1306--1318

 []

[81] [82] [83] [84] [85]
Underfull \hbox (badness 10000) in paragraph at lines 1376--1377

 []

[86] [87] [88] [89] [90] [91] [92]
Chapter 4.
[93

] [94] [95] [96] [97]
Overfull \hbox (1.49947pt too wide) in paragraph at lines 1571--1572
\OT1/cmr/m/n/12 Analizziamo il file \OT1/cmr/bx/n/12 tls.c\OT1/cmr/m/n/12 : nel
la strut-tura dati ri-porto il func-tion pointer, quindi il pun-ta-tore all'ind
irizzo
 []

[98]
Underfull \hbox (badness 10000) in paragraph at lines 1586--1587

 []

[99] [100] (./SOA.aux)

LaTeX Font Warning: Some font shapes were not available, defaults substituted.

 ) 
Here is how much of TeX's memory you used:
 3744 strings out of 481252
 56818 string characters out of 5915888
 352403 words of memory out of 5000000
 20641 multiletter control sequences out of 15000+600000
 412105 words of font info for 56 fonts, out of 8000000 for 9000
 14 hyphenation exceptions out of 8191
 68i,8n,74p,3094b,1557s stack positions out of 5000i,500n,10000p,200000b,80000s
 </home/pierciro/.texlive2020/texmf-var/fonts/pk/ljfour/jknappen/ec/tcrm1200.
600pk></usr/share/texlive/texmf-dist/fonts/type1/public/amsfonts/cm/cmbx12.pfb>
</usr/share/texlive/texmf-dist/fonts/type1/public/amsfonts/cm/cmcsc10.pfb></usr
/share/texlive/texmf-dist/fonts/type1/public/amsfonts/cm/cmmi12.pfb></usr/share
/texlive/texmf-dist/fonts/type1/public/amsfonts/cm/cmmi8.pfb></usr/share/texliv
e/texmf-dist/fonts/type1/public/amsfonts/cm/cmr10.pfb></usr/share/texlive/texmf
-dist/fonts/type1/public/amsfonts/cm/cmr12.pfb></usr/share/texlive/texmf-dist/f
onts/type1/public/amsfonts/cm/cmr17.pfb></usr/share/texlive/texmf-dist/fonts/ty
pe1/public/amsfonts/cm/cmr7.pfb></usr/share/texlive/texmf-dist/fonts/type1/publ
ic/amsfonts/cm/cmr8.pfb></usr/share/texlive/texmf-dist/fonts/type1/public/amsfo
nts/cm/cmsl12.pfb></usr/share/texlive/texmf-dist/fonts/type1/public/amsfonts/cm
/cmss12.pfb></usr/share/texlive/texmf-dist/fonts/type1/public/amsfonts/cm/cmssi
12.pfb></usr/share/texlive/texmf-dist/fonts/type1/public/amsfonts/cm/cmsy10.pfb
></usr/share/texlive/texmf-dist/fonts/type1/public/amsfonts/cm/cmti12.pfb>
Output written on SOA.pdf (101 pages, 2041472 bytes).
PDF statistics:
 462 PDF objects out of 1000 (max. 8388607)
 271 compressed objects within 3 object streams
 0 named destinations out of 1000 (max. 500000)
 166 words of extra memory for PDF output out of 10000 (max. 10000000)

